<?xml version="1.0" encoding="UTF-8"?>
<!-- Generated by org.testng.reporters.JUnitReportReporter -->
<testsuite hostname="Anshul-Laptop" failures="0" tests="6" name="capstoneMedicare.GetAllMedicine" time="3.500" errors="0" timestamp="2023-12-21T10:44:28 IST" skipped="0">
  <testcase classname="capstoneMedicare.GetAllMedicine" name="get_all_products" time="2.271"/>
  <system-out/>
  <testcase classname="capstoneMedicare.GetAllMedicine" name="get_all_users" time="0.027"/>
  <system-out/>
  <testcase classname="capstoneMedicare.GetAllMedicine" name="add_Product" time="1.082"/>
  <system-out/>
  <testcase classname="capstoneMedicare.GetAllMedicine" name="update_ProductName" time="0.040"/>
  <system-out/>
  <testcase classname="capstoneMedicare.GetAllMedicine" name="update_ProductStatus" time="0.037"/>
  <system-out/>
  <testcase classname="capstoneMedicare.GetAllMedicine" name="deleteProduct" time="0.043"/>
  <system-out/>
</testsuite> <!-- capstoneMedicare.GetAllMedicine -->
