<?xml version="1.0" encoding="UTF-8"?>
<!-- Generated by org.testng.reporters.JUnitReportReporter -->
<testsuite hostname="DESKTOP-RP7ECBF" failures="0" tests="3" name="com.medicare.Tests.OrderPageTest" time="0.351" errors="0" timestamp="2023-12-23T12:10:17 IST" skipped="0">
  <testcase classname="com.medicare.Tests.OrderPageTest" name="test_login" time="0.191"/>
  <system-out/>
  <testcase classname="com.medicare.Tests.OrderPageTest" name="test_click_orders" time="0.150"/>
  <system-out/>
  <testcase classname="com.medicare.Tests.OrderPageTest" name="test_getTitle_page" time="0.010"/>
  <system-out/>
</testsuite> <!-- com.medicare.Tests.OrderPageTest -->
