<?xml version="1.0" encoding="UTF-8"?>
<!-- Generated by org.testng.reporters.JUnitReportReporter -->
<testsuite hostname="DESKTOP-RP7ECBF" failures="0" tests="4" name="com.medicare.Tests.LoginPageTest" time="0.683" errors="0" timestamp="2023-12-23T12:36:16 IST" skipped="0">
  <testcase classname="com.medicare.Tests.LoginPageTest" name="test_login" time="0.349"/>
  <system-out/>
  <testcase classname="com.medicare.Tests.LoginPageTest" name="test_getTitle_page" time="0.124"/>
  <system-out/>
  <testcase classname="com.medicare.Tests.LoginPageTest" name="Test_validate_registration_Text" time="0.058"/>
  <system-out/>
  <testcase classname="com.medicare.Tests.LoginPageTest" name="test_click_cart" time="0.152"/>
  <system-out/>
</testsuite> <!-- com.medicare.Tests.LoginPageTest -->
